<?xml version="1.0" encoding="UTF-8"?>
<!-- Generated by org.testng.reporters.JUnitReportReporter -->
<testsuite hostname="SURYA" failures="0" tests="1" name="com.qa.testcases.ValidateHomePageTitle" time="1.614" errors="0" timestamp="2024-05-14T22:36:20 IST" skipped="0">
  <testcase classname="com.qa.testcases.ValidateHomePageTitle" name="validateHomePageTitle" time="1.614"/>
</testsuite> <!-- com.qa.testcases.ValidateHomePageTitle -->
